0 info it worked if it ends with ok
1 verbose cli [ '/Users/FDT/.nvm/versions/node/v5.3.0/bin/node',
1 verbose cli   '/Users/FDT/.nvm/versions/node/v5.3.0/bin/npm',
1 verbose cli   'run',
1 verbose cli   'build' ]
2 info using npm@3.3.12
3 info using node@v5.3.0
4 verbose run-script [ 'prebuild', 'build', 'postbuild' ]
5 info lifecycle my-app@1.0.0~prebuild: my-app@1.0.0
6 silly lifecycle my-app@1.0.0~prebuild: no script for prebuild, continuing
7 info lifecycle my-app@1.0.0~build: my-app@1.0.0
8 verbose lifecycle my-app@1.0.0~build: unsafe-perm in lifecycle true
9 verbose lifecycle my-app@1.0.0~build: PATH: /Users/FDT/.nvm/versions/node/v5.3.0/lib/node_modules/npm/bin/node-gyp-bin:/Users/FDT/github/my-app/node_modules/.bin:/Users/FDT/.nvm/versions/node/v5.3.0/bin:/usr/local/bin:/usr/bin:/bin:/usr/sbin:/sbin
10 verbose lifecycle my-app@1.0.0~build: CWD: /Users/FDT/github/my-app
11 silly lifecycle my-app@1.0.0~build: Args: [ '-c', 'webpack' ]
12 silly lifecycle my-app@1.0.0~build: Returned: code: 1  signal: null
13 info lifecycle my-app@1.0.0~build: Failed to exec build script
14 verbose stack Error: my-app@1.0.0 build: `webpack`
14 verbose stack Exit status 1
14 verbose stack     at EventEmitter.<anonymous> (/Users/FDT/.nvm/versions/node/v5.3.0/lib/node_modules/npm/lib/utils/lifecycle.js:232:16)
14 verbose stack     at emitTwo (events.js:87:13)
14 verbose stack     at EventEmitter.emit (events.js:172:7)
14 verbose stack     at ChildProcess.<anonymous> (/Users/FDT/.nvm/versions/node/v5.3.0/lib/node_modules/npm/lib/utils/spawn.js:24:14)
14 verbose stack     at emitTwo (events.js:87:13)
14 verbose stack     at ChildProcess.emit (events.js:172:7)
14 verbose stack     at maybeClose (internal/child_process.js:818:16)
14 verbose stack     at Process.ChildProcess._handle.onexit (internal/child_process.js:211:5)
15 verbose pkgid my-app@1.0.0
16 verbose cwd /Users/FDT/github/my-app
17 error Darwin 15.6.0
18 error argv "/Users/FDT/.nvm/versions/node/v5.3.0/bin/node" "/Users/FDT/.nvm/versions/node/v5.3.0/bin/npm" "run" "build"
19 error node v5.3.0
20 error npm  v3.3.12
21 error code ELIFECYCLE
22 error my-app@1.0.0 build: `webpack`
22 error Exit status 1
23 error Failed at the my-app@1.0.0 build script 'webpack'.
23 error Make sure you have the latest version of node.js and npm installed.
23 error If you do, this is most likely a problem with the my-app package,
23 error not with npm itself.
23 error Tell the author that this fails on your system:
23 error     webpack
23 error You can get their info via:
23 error     npm owner ls my-app
23 error There is likely additional logging output above.
24 verbose exit [ 1, true ]
